2021-04-18 09:37:15,537 ----------------------------------------------------------------------------------------------------
2021-04-18 09:37:15,538 Model: "TextClassifier(
  (document_embeddings): DocumentRNNEmbeddings(
    (embeddings): StackedEmbeddings(
      (list_embedding_0): WordEmbeddings('de')
      (list_embedding_1): FlairEmbeddings(
        (lm): LanguageModel(
          (drop): Dropout(p=0.25, inplace=False)
          (encoder): Embedding(275, 100)
          (rnn): LSTM(100, 2048)
          (decoder): Linear(in_features=2048, out_features=275, bias=True)
        )
      )
      (list_embedding_2): FlairEmbeddings(
        (lm): LanguageModel(
          (drop): Dropout(p=0.25, inplace=False)
          (encoder): Embedding(275, 100)
          (rnn): LSTM(100, 2048)
          (decoder): Linear(in_features=2048, out_features=275, bias=True)
        )
      )
    )
    (word_reprojection_map): Linear(in_features=4396, out_features=256, bias=True)
    (rnn): GRU(256, 512, batch_first=True)
    (dropout): Dropout(p=0.5, inplace=False)
  )
  (decoder): Linear(in_features=512, out_features=4, bias=True)
  (loss_function): BCEWithLogitsLoss()
  (beta): 1.0
  (weights): None
  (weight_tensor) None
)"
2021-04-18 09:37:15,544 ----------------------------------------------------------------------------------------------------
2021-04-18 09:37:15,544 Corpus: "Corpus: 5765 train + 961 dev + 961 test sentences"
2021-04-18 09:37:15,545 ----------------------------------------------------------------------------------------------------
2021-04-18 09:37:15,545 Parameters:
2021-04-18 09:37:15,545  - learning_rate: "0.1"
2021-04-18 09:37:15,546  - mini_batch_size: "32"
2021-04-18 09:37:15,546  - patience: "3"
2021-04-18 09:37:15,546  - anneal_factor: "0.5"
2021-04-18 09:37:15,546  - max_epochs: "10"
2021-04-18 09:37:15,547  - shuffle: "True"
2021-04-18 09:37:15,547  - train_with_dev: "False"
2021-04-18 09:37:15,547  - batch_growth_annealing: "False"
2021-04-18 09:37:15,548 ----------------------------------------------------------------------------------------------------
2021-04-18 09:37:15,548 Model training base path: "data2"
2021-04-18 09:37:15,548 ----------------------------------------------------------------------------------------------------
2021-04-18 09:37:15,549 Device: cpu
2021-04-18 09:37:15,549 ----------------------------------------------------------------------------------------------------
2021-04-18 09:37:15,549 Embeddings storage mode: cpu
2021-04-18 09:37:15,555 ----------------------------------------------------------------------------------------------------
2021-04-18 09:46:10,702 epoch 1 - iter 18/181 - loss 0.51274630 - samples/sec: 1.20 - lr: 0.100000
2021-04-18 09:55:26,738 epoch 1 - iter 36/181 - loss 0.47723193 - samples/sec: 1.04 - lr: 0.100000
2021-04-18 10:01:56,138 epoch 1 - iter 54/181 - loss 0.45392617 - samples/sec: 1.48 - lr: 0.100000
2021-04-18 10:09:38,292 epoch 1 - iter 72/181 - loss 0.44589063 - samples/sec: 1.25 - lr: 0.100000
2021-04-18 10:18:03,235 epoch 1 - iter 90/181 - loss 0.43529939 - samples/sec: 1.14 - lr: 0.100000
2021-04-18 10:25:17,628 epoch 1 - iter 108/181 - loss 0.42450533 - samples/sec: 1.33 - lr: 0.100000
2021-04-18 10:33:09,614 epoch 1 - iter 126/181 - loss 0.41403146 - samples/sec: 1.22 - lr: 0.100000
2021-04-18 10:42:10,649 epoch 1 - iter 144/181 - loss 0.40776501 - samples/sec: 1.06 - lr: 0.100000
2021-04-18 10:48:46,367 epoch 1 - iter 162/181 - loss 0.40224677 - samples/sec: 1.46 - lr: 0.100000
2021-04-18 10:57:54,595 epoch 1 - iter 180/181 - loss 0.39687430 - samples/sec: 1.06 - lr: 0.100000
2021-04-18 10:58:30,870 ----------------------------------------------------------------------------------------------------
2021-04-18 10:58:30,871 EPOCH 1 done: loss 0.3963 - lr 0.1000000
2021-04-18 11:13:21,379 DEV : loss 0.3509156405925751 - score 0.6651
2021-04-18 11:13:23,946 BAD EPOCHS (no improvement): 0
2021-04-18 11:13:52,806 ----------------------------------------------------------------------------------------------------
2021-04-18 11:23:21,365 epoch 2 - iter 18/181 - loss 0.32660098 - samples/sec: 1.12 - lr: 0.100000
2021-04-18 11:29:08,917 epoch 2 - iter 36/181 - loss 0.33062313 - samples/sec: 1.66 - lr: 0.100000
2021-04-18 11:35:36,786 epoch 2 - iter 54/181 - loss 0.32788896 - samples/sec: 1.49 - lr: 0.100000
2021-04-18 11:41:27,307 epoch 2 - iter 72/181 - loss 0.32280956 - samples/sec: 1.64 - lr: 0.100000
2021-04-18 11:46:50,676 epoch 2 - iter 90/181 - loss 0.31780348 - samples/sec: 1.78 - lr: 0.100000
2021-04-18 11:51:36,063 epoch 2 - iter 108/181 - loss 0.31569257 - samples/sec: 2.02 - lr: 0.100000
2021-04-18 11:56:18,896 epoch 2 - iter 126/181 - loss 0.31307806 - samples/sec: 2.04 - lr: 0.100000
2021-04-18 12:00:25,147 epoch 2 - iter 144/181 - loss 0.30897209 - samples/sec: 2.34 - lr: 0.100000
2021-04-18 12:07:12,837 epoch 2 - iter 162/181 - loss 0.30988431 - samples/sec: 1.41 - lr: 0.100000
2021-04-18 12:13:03,602 epoch 2 - iter 180/181 - loss 0.30789180 - samples/sec: 1.67 - lr: 0.100000
2021-04-18 12:13:11,829 ----------------------------------------------------------------------------------------------------
2021-04-18 12:13:11,829 EPOCH 2 done: loss 0.3075 - lr 0.1000000
2021-04-18 12:23:38,212 DEV : loss 0.41967079043388367 - score 0.6493
2021-04-18 12:23:40,030 BAD EPOCHS (no improvement): 1
2021-04-18 12:23:40,032 ----------------------------------------------------------------------------------------------------
2021-04-18 12:31:26,260 epoch 3 - iter 18/181 - loss 0.29570548 - samples/sec: 1.35 - lr: 0.100000
2021-04-18 12:36:49,972 epoch 3 - iter 36/181 - loss 0.28516029 - samples/sec: 1.78 - lr: 0.100000
2021-04-18 12:42:48,087 epoch 3 - iter 54/181 - loss 0.28395277 - samples/sec: 1.61 - lr: 0.100000
2021-04-18 12:48:30,508 epoch 3 - iter 72/181 - loss 0.28221305 - samples/sec: 1.68 - lr: 0.100000
2021-04-18 12:54:33,230 epoch 3 - iter 90/181 - loss 0.27986350 - samples/sec: 1.59 - lr: 0.100000
2021-04-18 13:00:26,752 epoch 3 - iter 108/181 - loss 0.28069908 - samples/sec: 1.63 - lr: 0.100000
2021-04-18 13:36:21,244 epoch 3 - iter 126/181 - loss 0.27824577 - samples/sec: 0.27 - lr: 0.100000
2021-04-18 13:40:59,699 epoch 3 - iter 144/181 - loss 0.28017322 - samples/sec: 2.07 - lr: 0.100000
2021-04-18 13:45:44,130 epoch 3 - iter 162/181 - loss 0.27795773 - samples/sec: 2.05 - lr: 0.100000
2021-04-18 13:50:58,572 epoch 3 - iter 180/181 - loss 0.27732660 - samples/sec: 1.83 - lr: 0.100000
2021-04-18 13:51:12,952 ----------------------------------------------------------------------------------------------------
2021-04-18 13:51:12,953 EPOCH 3 done: loss 0.2764 - lr 0.1000000
2021-04-18 13:59:59,701 DEV : loss 0.3396625220775604 - score 0.7013
2021-04-18 14:00:00,524 BAD EPOCHS (no improvement): 0
2021-04-18 14:00:16,378 ----------------------------------------------------------------------------------------------------
2021-04-18 14:05:23,665 epoch 4 - iter 18/181 - loss 0.26505273 - samples/sec: 2.00 - lr: 0.100000
2021-04-18 14:10:52,026 epoch 4 - iter 36/181 - loss 0.27223698 - samples/sec: 1.75 - lr: 0.100000
2021-04-18 14:16:52,505 epoch 4 - iter 54/181 - loss 0.26907401 - samples/sec: 1.61 - lr: 0.100000
2021-04-18 14:21:33,508 epoch 4 - iter 72/181 - loss 0.26986505 - samples/sec: 2.05 - lr: 0.100000
2021-04-18 14:26:45,086 epoch 4 - iter 90/181 - loss 0.27098512 - samples/sec: 1.85 - lr: 0.100000
2021-04-18 14:31:55,821 epoch 4 - iter 108/181 - loss 0.27003008 - samples/sec: 1.85 - lr: 0.100000
2021-04-18 14:37:21,795 epoch 4 - iter 126/181 - loss 0.26631235 - samples/sec: 1.77 - lr: 0.100000
2021-04-18 14:42:08,495 epoch 4 - iter 144/181 - loss 0.26487932 - samples/sec: 2.03 - lr: 0.100000
2021-04-18 14:46:12,087 epoch 4 - iter 162/181 - loss 0.26286742 - samples/sec: 2.37 - lr: 0.100000
2021-04-18 14:50:31,300 epoch 4 - iter 180/181 - loss 0.26226064 - samples/sec: 2.22 - lr: 0.100000
2021-04-18 14:50:39,698 ----------------------------------------------------------------------------------------------------
2021-04-18 14:50:39,698 EPOCH 4 done: loss 0.2631 - lr 0.1000000
2021-04-18 14:59:21,357 DEV : loss 1.0434173345565796 - score 0.3512
2021-04-18 14:59:22,169 BAD EPOCHS (no improvement): 1
2021-04-18 14:59:22,171 ----------------------------------------------------------------------------------------------------
2021-04-18 15:04:41,869 epoch 5 - iter 18/181 - loss 0.30648243 - samples/sec: 1.92 - lr: 0.100000
2021-04-18 15:09:40,019 epoch 5 - iter 36/181 - loss 0.28183869 - samples/sec: 1.95 - lr: 0.100000
2021-04-18 15:14:25,445 epoch 5 - iter 54/181 - loss 0.27259394 - samples/sec: 2.02 - lr: 0.100000
2021-04-18 15:18:50,488 epoch 5 - iter 72/181 - loss 0.26711809 - samples/sec: 2.17 - lr: 0.100000
2021-04-18 15:23:20,760 epoch 5 - iter 90/181 - loss 0.26035931 - samples/sec: 2.13 - lr: 0.100000
2021-04-18 15:28:51,663 epoch 5 - iter 108/181 - loss 0.25632911 - samples/sec: 1.74 - lr: 0.100000
2021-04-18 15:33:42,086 epoch 5 - iter 126/181 - loss 0.25684696 - samples/sec: 1.98 - lr: 0.100000
2021-04-18 15:39:14,010 epoch 5 - iter 144/181 - loss 0.25456526 - samples/sec: 1.74 - lr: 0.100000
2021-04-18 15:43:48,169 epoch 5 - iter 162/181 - loss 0.25583339 - samples/sec: 2.10 - lr: 0.100000
2021-04-18 15:49:20,174 epoch 5 - iter 180/181 - loss 0.25586643 - samples/sec: 1.74 - lr: 0.100000
2021-04-18 15:49:33,274 ----------------------------------------------------------------------------------------------------
2021-04-18 15:49:33,274 EPOCH 5 done: loss 0.2564 - lr 0.1000000
2021-04-18 15:58:15,918 DEV : loss 0.26597538590431213 - score 0.7687
2021-04-18 15:58:16,718 BAD EPOCHS (no improvement): 0
2021-04-18 15:58:32,502 ----------------------------------------------------------------------------------------------------
2021-04-18 16:03:53,814 epoch 6 - iter 18/181 - loss 0.22295967 - samples/sec: 1.91 - lr: 0.100000
2021-04-18 16:08:38,037 epoch 6 - iter 36/181 - loss 0.22446105 - samples/sec: 2.03 - lr: 0.100000
2021-04-18 16:14:07,713 epoch 6 - iter 54/181 - loss 0.23732534 - samples/sec: 1.75 - lr: 0.100000
2021-04-18 16:18:54,066 epoch 6 - iter 72/181 - loss 0.24114227 - samples/sec: 2.01 - lr: 0.100000
2021-04-18 16:23:56,002 epoch 6 - iter 90/181 - loss 0.24239083 - samples/sec: 1.91 - lr: 0.100000
2021-04-18 16:27:43,955 epoch 6 - iter 108/181 - loss 0.24044077 - samples/sec: 2.53 - lr: 0.100000
2021-04-18 16:32:44,141 epoch 6 - iter 126/181 - loss 0.24338188 - samples/sec: 1.92 - lr: 0.100000
2021-04-18 16:37:49,597 epoch 6 - iter 144/181 - loss 0.24244791 - samples/sec: 1.89 - lr: 0.100000
2021-04-18 16:42:52,154 epoch 6 - iter 162/181 - loss 0.24061016 - samples/sec: 1.90 - lr: 0.100000
2021-04-18 16:46:43,711 epoch 6 - iter 180/181 - loss 0.24101927 - samples/sec: 2.49 - lr: 0.100000
2021-04-18 16:47:01,518 ----------------------------------------------------------------------------------------------------
2021-04-18 16:47:01,518 EPOCH 6 done: loss 0.2418 - lr 0.1000000
2021-04-18 16:55:39,604 DEV : loss 0.2520699203014374 - score 0.7664
2021-04-18 16:55:40,415 BAD EPOCHS (no improvement): 1
2021-04-18 16:55:40,416 ----------------------------------------------------------------------------------------------------
2021-04-18 17:00:51,105 epoch 7 - iter 18/181 - loss 0.22730686 - samples/sec: 1.98 - lr: 0.100000
2021-04-18 17:05:58,302 epoch 7 - iter 36/181 - loss 0.22440295 - samples/sec: 1.89 - lr: 0.100000
2021-04-18 17:10:54,982 epoch 7 - iter 54/181 - loss 0.22586505 - samples/sec: 1.94 - lr: 0.100000
2021-04-18 17:14:48,294 epoch 7 - iter 72/181 - loss 0.22533371 - samples/sec: 2.47 - lr: 0.100000
2021-04-18 17:20:17,756 epoch 7 - iter 90/181 - loss 0.22615576 - samples/sec: 1.75 - lr: 0.100000
2021-04-18 17:25:23,431 epoch 7 - iter 108/181 - loss 0.22992806 - samples/sec: 1.88 - lr: 0.100000
2021-04-18 17:30:36,004 epoch 7 - iter 126/181 - loss 0.22917156 - samples/sec: 1.84 - lr: 0.100000
2021-04-18 17:35:15,335 epoch 7 - iter 144/181 - loss 0.23062695 - samples/sec: 2.08 - lr: 0.100000
2021-04-18 17:40:19,200 epoch 7 - iter 162/181 - loss 0.23082511 - samples/sec: 1.90 - lr: 0.100000
2021-04-18 17:45:47,077 epoch 7 - iter 180/181 - loss 0.23309327 - samples/sec: 1.76 - lr: 0.100000
2021-04-18 17:45:54,398 ----------------------------------------------------------------------------------------------------
2021-04-18 17:45:54,399 EPOCH 7 done: loss 0.2327 - lr 0.1000000
2021-04-18 17:54:36,475 DEV : loss 0.2472669631242752 - score 0.7838
2021-04-18 17:54:37,283 BAD EPOCHS (no improvement): 0
2021-04-18 17:54:53,641 ----------------------------------------------------------------------------------------------------
2021-04-18 18:00:26,499 epoch 8 - iter 18/181 - loss 0.25077817 - samples/sec: 1.86 - lr: 0.100000
2021-04-18 18:04:54,964 epoch 8 - iter 36/181 - loss 0.25278444 - samples/sec: 2.15 - lr: 0.100000
2021-04-18 18:09:15,950 epoch 8 - iter 54/181 - loss 0.24605604 - samples/sec: 2.21 - lr: 0.100000
2021-04-18 18:15:30,813 epoch 8 - iter 72/181 - loss 0.24384922 - samples/sec: 1.54 - lr: 0.100000
2021-04-18 18:19:26,215 epoch 8 - iter 90/181 - loss 0.24498807 - samples/sec: 2.45 - lr: 0.100000
2021-04-18 18:23:41,823 epoch 8 - iter 108/181 - loss 0.23883582 - samples/sec: 2.25 - lr: 0.100000
2021-04-18 18:29:38,726 epoch 8 - iter 126/181 - loss 0.23537118 - samples/sec: 1.61 - lr: 0.100000
2021-04-18 18:34:37,736 epoch 8 - iter 144/181 - loss 0.23435399 - samples/sec: 1.93 - lr: 0.100000
2021-04-18 18:39:33,384 epoch 8 - iter 162/181 - loss 0.23023001 - samples/sec: 1.95 - lr: 0.100000
2021-04-18 18:44:06,084 epoch 8 - iter 180/181 - loss 0.22827346 - samples/sec: 2.11 - lr: 0.100000
2021-04-18 18:44:11,431 ----------------------------------------------------------------------------------------------------
2021-04-18 18:44:11,432 EPOCH 8 done: loss 0.2280 - lr 0.1000000
2021-04-18 18:52:54,112 DEV : loss 0.2784874141216278 - score 0.7679
2021-04-18 18:52:54,911 BAD EPOCHS (no improvement): 1
2021-04-18 18:52:54,918 ----------------------------------------------------------------------------------------------------
2021-04-18 18:58:11,544 epoch 9 - iter 18/181 - loss 0.22836963 - samples/sec: 1.95 - lr: 0.100000
2021-04-18 19:03:28,875 epoch 9 - iter 36/181 - loss 0.22420598 - samples/sec: 1.82 - lr: 0.100000
2021-04-18 19:08:11,307 epoch 9 - iter 54/181 - loss 0.22470999 - samples/sec: 2.04 - lr: 0.100000
2021-04-18 19:13:07,645 epoch 9 - iter 72/181 - loss 0.21906537 - samples/sec: 1.94 - lr: 0.100000
2021-04-18 19:17:32,594 epoch 9 - iter 90/181 - loss 0.21932623 - samples/sec: 2.17 - lr: 0.100000
2021-04-18 19:22:55,786 epoch 9 - iter 108/181 - loss 0.21993852 - samples/sec: 1.78 - lr: 0.100000
2021-04-18 19:28:35,293 epoch 9 - iter 126/181 - loss 0.22609091 - samples/sec: 1.70 - lr: 0.100000
2021-04-18 19:33:04,096 epoch 9 - iter 144/181 - loss 0.22471561 - samples/sec: 2.14 - lr: 0.100000
2021-04-18 19:37:56,668 epoch 9 - iter 162/181 - loss 0.22431171 - samples/sec: 1.97 - lr: 0.100000
2021-04-18 19:43:03,910 epoch 9 - iter 180/181 - loss 0.22549794 - samples/sec: 1.88 - lr: 0.100000
2021-04-18 19:43:11,802 ----------------------------------------------------------------------------------------------------
2021-04-18 19:43:11,802 EPOCH 9 done: loss 0.2244 - lr 0.1000000
2021-04-18 19:52:15,699 DEV : loss 0.2487216740846634 - score 0.7795
2021-04-18 19:52:16,537 BAD EPOCHS (no improvement): 2
2021-04-18 19:52:16,538 ----------------------------------------------------------------------------------------------------
2021-04-18 19:57:36,560 epoch 10 - iter 18/181 - loss 0.23431898 - samples/sec: 1.92 - lr: 0.100000
2021-04-18 20:01:53,407 epoch 10 - iter 36/181 - loss 0.22768717 - samples/sec: 2.24 - lr: 0.100000
2021-04-18 20:06:57,133 epoch 10 - iter 54/181 - loss 0.22257473 - samples/sec: 1.90 - lr: 0.100000
2021-04-18 20:11:25,682 epoch 10 - iter 72/181 - loss 0.22054461 - samples/sec: 2.15 - lr: 0.100000
2021-04-18 20:15:56,337 epoch 10 - iter 90/181 - loss 0.22263823 - samples/sec: 2.13 - lr: 0.100000
2021-04-18 20:20:25,737 epoch 10 - iter 108/181 - loss 0.21896143 - samples/sec: 2.16 - lr: 0.100000
2021-04-18 20:25:01,408 epoch 10 - iter 126/181 - loss 0.21920957 - samples/sec: 2.09 - lr: 0.100000
2021-04-18 20:30:03,517 epoch 10 - iter 144/181 - loss 0.21741381 - samples/sec: 1.91 - lr: 0.100000
2021-04-18 20:35:48,658 epoch 10 - iter 162/181 - loss 0.21834704 - samples/sec: 1.67 - lr: 0.100000
2021-04-18 20:41:08,898 epoch 10 - iter 180/181 - loss 0.22085574 - samples/sec: 1.80 - lr: 0.100000
2021-04-18 20:41:26,006 ----------------------------------------------------------------------------------------------------
2021-04-18 20:41:26,006 EPOCH 10 done: loss 0.2216 - lr 0.1000000
2021-04-18 20:50:31,128 DEV : loss 0.3792416751384735 - score 0.6977
2021-04-18 20:50:31,981 BAD EPOCHS (no improvement): 3
2021-04-18 20:50:47,238 ----------------------------------------------------------------------------------------------------
2021-04-18 20:50:47,238 Testing using best model ...
2021-04-18 20:50:47,239 loading file data2\best-model.pt
2021-04-18 21:00:01,604 0.6743	0.6434	0.6361	0.7024
2021-04-18 21:00:01,604 
Results:
- F-score (micro) 0.7838
- F-score (macro) 0.6361
- Accuracy 0.7024

By class:
                               precision    recall  f1-score   support

_label_potential_skill_phrase     0.8876    0.9371    0.9116       556
       _label_do_not_consider     0.8481    0.4963    0.6262       270
             _label_job_title     0.4030    0.6923    0.5094        39
   _label_paragraph_separator     0.5584    0.4479    0.4971        96

                    micro avg     0.8155    0.7544    0.7838       961
                    macro avg     0.6743    0.6434    0.6361       961
                 weighted avg     0.8239    0.7544    0.7737       961
                  samples avg     0.7284    0.7544    0.7371       961

2021-04-18 21:00:01,604 ----------------------------------------------------------------------------------------------------
